<?xml version="1.0" encoding="UTF-8"?>
<!-- Generated by org.testng.reporters.JUnitReportReporter -->
<testsuite skipped="0" hostname="Ankurs-MBP.cable.rcn.com" name="com.runner.TestRunner" tests="1" failures="0" timestamp="21 Jun 2020 00:46:18 GMT" time="0.006" errors="0">
  <testcase name="feature" time="0.006" classname="com.runner.TestRunner"/>
</testsuite> <!-- com.runner.TestRunner -->
