<?xml version="1.0" encoding="UTF-8"?>
<!-- Generated by org.testng.reporters.JUnitReportReporter -->
<testsuite skipped="0" hostname="Ankurs-MacBook-Pro.local" name="com.testrunner.TestRunner" tests="1" failures="0" timestamp="16 Aug 2020 00:59:30 GMT" time="3.601" errors="0">
  <testcase name="feature" time="3.601" classname="com.testrunner.TestRunner"/>
</testsuite> <!-- com.testrunner.TestRunner -->
