<?xml version="1.0" encoding="UTF-8"?>
<!-- Generated by org.testng.reporters.JUnitReportReporter -->
<testsuite skipped="0" hostname="Ankurs-MacBook-Pro.local" name="com.testrunner.TestRunner" tests="1" failures="0" timestamp="06 Apr 2020 04:30:16 GMT" time="4.323" errors="0">
  <testcase name="feature" time="4.323" classname="com.testrunner.TestRunner"/>
</testsuite> <!-- com.testrunner.TestRunner -->
